2025-05-22 16:03:42,892 CRIT Supervisor is running as root.  Privileges were not dropped because no user is specified in the config file.  If you intend to run as root, you can set user=root in the config file to avoid this message.
2025-05-22 16:03:42,895 INFO supervisord started with pid 1
2025-05-22 16:03:43,897 INFO spawned: 'apache2' with pid 260
2025-05-22 16:03:43,898 INFO spawned: 'mysql' with pid 261
2025-05-22 16:03:45,151 INFO success: apache2 entered RUNNING state, process has stayed up for > than 1 seconds (startsecs)
2025-05-22 16:03:45,151 INFO success: mysql entered RUNNING state, process has stayed up for > than 1 seconds (startsecs)
2025-05-22 16:05:25,248 WARN exited: mysql (exit status 1; not expected)
2025-05-22 16:05:26,251 INFO spawned: 'mysql' with pid 1922
2025-05-22 16:05:27,460 INFO success: mysql entered RUNNING state, process has stayed up for > than 1 seconds (startsecs)
2025-05-22 16:07:07,566 WARN exited: mysql (exit status 1; not expected)
2025-05-22 16:07:08,568 INFO spawned: 'mysql' with pid 2998
2025-05-22 16:07:09,781 INFO success: mysql entered RUNNING state, process has stayed up for > than 1 seconds (startsecs)
2025-05-22 16:08:49,880 WARN exited: mysql (exit status 1; not expected)
2025-05-22 16:08:50,882 INFO spawned: 'mysql' with pid 4104
2025-05-22 16:08:52,104 INFO success: mysql entered RUNNING state, process has stayed up for > than 1 seconds (startsecs)
2025-05-22 16:10:32,211 WARN exited: mysql (exit status 1; not expected)
2025-05-22 16:10:33,213 INFO spawned: 'mysql' with pid 5566
2025-05-22 16:10:34,421 INFO success: mysql entered RUNNING state, process has stayed up for > than 1 seconds (startsecs)
2025-05-22 16:12:14,529 WARN exited: mysql (exit status 1; not expected)
2025-05-22 16:12:15,532 INFO spawned: 'mysql' with pid 6796
2025-05-22 16:12:16,723 INFO success: mysql entered RUNNING state, process has stayed up for > than 1 seconds (startsecs)
2025-05-22 16:13:56,831 WARN exited: mysql (exit status 1; not expected)
2025-05-22 16:13:57,833 INFO spawned: 'mysql' with pid 8474
2025-05-22 16:13:59,029 INFO success: mysql entered RUNNING state, process has stayed up for > than 1 seconds (startsecs)
2025-05-22 16:15:39,133 WARN exited: mysql (exit status 1; not expected)
2025-05-22 16:15:40,135 INFO spawned: 'mysql' with pid 10151
2025-05-22 16:15:41,372 INFO success: mysql entered RUNNING state, process has stayed up for > than 1 seconds (startsecs)
2025-05-22 16:17:21,480 WARN exited: mysql (exit status 1; not expected)
2025-05-22 16:17:22,482 INFO spawned: 'mysql' with pid 11692
2025-05-22 16:17:23,679 INFO success: mysql entered RUNNING state, process has stayed up for > than 1 seconds (startsecs)
2025-05-22 16:19:03,786 WARN exited: mysql (exit status 1; not expected)
2025-05-22 16:19:04,788 INFO spawned: 'mysql' with pid 13207
2025-05-22 16:19:06,015 INFO success: mysql entered RUNNING state, process has stayed up for > than 1 seconds (startsecs)
2025-05-22 16:20:46,122 WARN exited: mysql (exit status 1; not expected)
2025-05-22 16:20:47,124 INFO spawned: 'mysql' with pid 14930
2025-05-22 16:20:48,320 INFO success: mysql entered RUNNING state, process has stayed up for > than 1 seconds (startsecs)
2025-05-22 16:22:28,430 WARN exited: mysql (exit status 1; not expected)
2025-05-22 16:22:29,433 INFO spawned: 'mysql' with pid 16274
2025-05-22 16:22:30,625 INFO success: mysql entered RUNNING state, process has stayed up for > than 1 seconds (startsecs)
2025-05-22 16:24:10,734 WARN exited: mysql (exit status 1; not expected)
2025-05-22 16:24:11,737 INFO spawned: 'mysql' with pid 17695
2025-05-22 16:24:12,955 INFO success: mysql entered RUNNING state, process has stayed up for > than 1 seconds (startsecs)
2025-05-22 16:25:53,066 WARN exited: mysql (exit status 1; not expected)
2025-05-22 16:25:54,068 INFO spawned: 'mysql' with pid 19457
2025-05-22 16:25:55,261 INFO success: mysql entered RUNNING state, process has stayed up for > than 1 seconds (startsecs)
